<?xml version="1.0" encoding="UTF-8"?>
<!-- Generated by org.testng.reporters.JUnitReportReporter -->
<testsuite hostname="DESKTOP-N3LRL61" failures="0" tests="4" name="com.QA.tests.User_API.UserTest" time="7.650" errors="0" timestamp="2023-11-29T14:43:02 IST" skipped="0">
  <testcase classname="com.QA.tests.User_API.UserTest" name="create_User_Test" time="1.937"/>
  <system-out/>
  <testcase classname="com.QA.tests.User_API.UserTest" name="get_User_Test" time="2.156"/>
  <system-out/>
  <testcase classname="com.QA.tests.User_API.UserTest" name="Update_User_Test" time="1.749"/>
  <system-out/>
  <testcase classname="com.QA.tests.User_API.UserTest" name="Delete_User_Test" time="1.808"/>
  <system-out/>
</testsuite> <!-- com.QA.tests.User_API.UserTest -->
