<?xml version="1.0" encoding="UTF-8"?>
<!-- Generated by org.testng.reporters.JUnitReportReporter -->
<testsuite hostname="DESKTOP-N3LRL61" failures="0" tests="4" name="com.QA.tests.UserTest" time="19.938" errors="0" timestamp="2023-11-28T10:05:52 IST" skipped="0">
  <testcase classname="com.QA.tests.UserTest" name="create_User_Test" time="12.424"/>
  <system-out/>
  <testcase classname="com.QA.tests.UserTest" name="get_User_Test" time="2.597"/>
  <system-out/>
  <testcase classname="com.QA.tests.UserTest" name="Update_User_Test" time="2.592"/>
  <system-out/>
  <testcase classname="com.QA.tests.UserTest" name="Delete_User_Test" time="2.325"/>
  <system-out/>
</testsuite> <!-- com.QA.tests.UserTest -->
