<?xml version="1.0" encoding="UTF-8"?>
<!-- Generated by org.testng.reporters.JUnitReportReporter -->
<testsuite hostname="DESKTOP-N3LRL61" failures="0" tests="3" name="com.QA.tests.Store_API_Test" time="19.404" errors="0" timestamp="2023-11-28T19:32:15 IST" skipped="0">
  <testcase classname="com.QA.tests.Store_API_Test" name="Create_Order_Test" time="14.326"/>
  <system-out/>
  <testcase classname="com.QA.tests.Store_API_Test" name="Get_Order_Test" time="2.431"/>
  <system-out/>
  <testcase classname="com.QA.tests.Store_API_Test" name="Delete_Order_Test" time="2.647"/>
  <system-out/>
</testsuite> <!-- com.QA.tests.Store_API_Test -->
