<?xml version="1.0" encoding="UTF-8"?>
<!-- Generated by org.testng.reporters.JUnitReportReporter -->
<testsuite hostname="DESKTOP-N3LRL61" failures="0" tests="2" name="com.QA.tests.TravelTest" time="7.505" errors="0" timestamp="2023-11-28T14:25:01 IST" skipped="0">
  <testcase classname="com.QA.tests.TravelTest" name="Create_User_Test" time="7.204"/>
  <system-out/>
  <testcase classname="com.QA.tests.TravelTest" name="get_User_Test" time="0.301"/>
  <system-out/>
</testsuite> <!-- com.QA.tests.TravelTest -->
