<?xml version="1.0" encoding="UTF-8"?>
<!-- Generated by org.testng.reporters.JUnitReportReporter -->
<testsuite hostname="DESKTOP-N3LRL61" failures="0" tests="3" name="com.QA.tests.Store_API.Store_API_Test" time="11.203" errors="0" timestamp="2023-11-29T14:49:00 IST" skipped="0">
  <testcase classname="com.QA.tests.Store_API.Store_API_Test" name="Create_Order_Test" time="7.156"/>
  <system-out/>
  <testcase classname="com.QA.tests.Store_API.Store_API_Test" name="Get_Order_Test" time="2.000"/>
  <system-out/>
  <testcase classname="com.QA.tests.Store_API.Store_API_Test" name="Delete_Order_Test" time="2.047"/>
  <system-out/>
</testsuite> <!-- com.QA.tests.Store_API.Store_API_Test -->
