<?xml version="1.0" encoding="UTF-8"?>
<!-- Generated by org.testng.reporters.JUnitReportReporter -->
<testsuite hostname="DESKTOP-N3LRL61" failures="0" tests="2" name="com.QA.tests.Travel_API.TravelTest" time="1.156" errors="0" timestamp="2023-11-29T14:49:00 IST" skipped="0">
  <testcase classname="com.QA.tests.Travel_API.TravelTest" name="Create_User_Test" time="0.859"/>
  <system-out/>
  <testcase classname="com.QA.tests.Travel_API.TravelTest" name="get_User_Test" time="0.297"/>
  <system-out/>
</testsuite> <!-- com.QA.tests.Travel_API.TravelTest -->
