<?xml version="1.0" encoding="UTF-8"?>
<!-- Generated by org.testng.reporters.JUnitReportReporter -->
<testsuite hostname="DESKTOP-N3LRL61" failures="0" tests="4" name="com.QA.tests.User_API.UserTest" time="7.907" errors="0" timestamp="2023-11-29T14:49:00 IST" skipped="0">
  <testcase classname="com.QA.tests.User_API.UserTest" name="create_User_Test" time="2.047"/>
  <system-out/>
  <testcase classname="com.QA.tests.User_API.UserTest" name="get_User_Test" time="1.953"/>
  <system-out/>
  <testcase classname="com.QA.tests.User_API.UserTest" name="Update_User_Test" time="2.032"/>
  <system-out/>
  <testcase classname="com.QA.tests.User_API.UserTest" name="Delete_User_Test" time="1.875"/>
  <system-out/>
</testsuite> <!-- com.QA.tests.User_API.UserTest -->
